<?xml version="1.0" encoding="UTF-8"?>
<testsuite xmlns:xsi="http://www.w3.org/2001/XMLSchema-instance" xsi:noNamespaceSchemaLocation="https://maven.apache.org/surefire/maven-surefire-plugin/xsd/surefire-test-report.xsd" name="com.laboratorio.AppTest" time="0.185" tests="1" errors="0" skipped="0" failures="0">
  <properties>
    <property name="java.specification.version" value="21"/>
    <property name="sun.cpu.isalist" value="amd64"/>
    <property name="sun.jnu.encoding" value="Cp1252"/>
    <property name="java.class.path" value="C:\Users\harol\Desktop\proyectos\gestor-usuarios-jsf\target\test-classes;C:\Users\harol\Desktop\proyectos\gestor-usuarios-jsf\target\classes;C:\Users\harol\.m2\repository\javax\faces\javax.faces-api\2.3\javax.faces-api-2.3.jar;C:\Users\harol\.m2\repository\org\glassfish\javax.faces\2.3.9\javax.faces-2.3.9.jar;C:\Users\harol\.m2\repository\org\primefaces\primefaces\12.0.0\primefaces-12.0.0.jar;C:\Users\harol\.m2\repository\junit\junit\4.13.2\junit-4.13.2.jar;C:\Users\harol\.m2\repository\org\hamcrest\hamcrest-core\1.3\hamcrest-core-1.3.jar;"/>
    <property name="java.vm.vendor" value="Eclipse Adoptium"/>
    <property name="sun.arch.data.model" value="64"/>
    <property name="user.variant" value=""/>
    <property name="java.vendor.url" value="https://adoptium.net/"/>
    <property name="user.timezone" value="America/El_Salvador"/>
    <property name="os.name" value="Windows 10"/>
    <property name="java.vm.specification.version" value="21"/>
    <property name="sun.java.launcher" value="SUN_STANDARD"/>
    <property name="user.country" value="SV"/>
    <property name="sun.boot.library.path" value="C:\Users\harol\AppData\Roaming\Code\User\globalStorage\pleiades.java-extension-pack-jdk\java\21\bin"/>
    <property name="sun.java.command" value="C:\Users\harol\AppData\Local\Temp\surefire2262628370226455406\surefirebooter16346057111637758689.jar C:\Users\harol\AppData\Local\Temp\surefire2262628370226455406 2025-04-24T10-57-19_944-jvmRun1 surefire6212652652008400398tmp surefire_08432137660961650071tmp"/>
    <property name="jdk.debug" value="release"/>
    <property name="surefire.test.class.path" value="C:\Users\harol\Desktop\proyectos\gestor-usuarios-jsf\target\test-classes;C:\Users\harol\Desktop\proyectos\gestor-usuarios-jsf\target\classes;C:\Users\harol\.m2\repository\javax\faces\javax.faces-api\2.3\javax.faces-api-2.3.jar;C:\Users\harol\.m2\repository\org\glassfish\javax.faces\2.3.9\javax.faces-2.3.9.jar;C:\Users\harol\.m2\repository\org\primefaces\primefaces\12.0.0\primefaces-12.0.0.jar;C:\Users\harol\.m2\repository\junit\junit\4.13.2\junit-4.13.2.jar;C:\Users\harol\.m2\repository\org\hamcrest\hamcrest-core\1.3\hamcrest-core-1.3.jar;"/>
    <property name="sun.cpu.endian" value="little"/>
    <property name="user.home" value="C:\Users\harol"/>
    <property name="user.language" value="es"/>
    <property name="java.specification.vendor" value="Oracle Corporation"/>
    <property name="java.version.date" value="2025-01-21"/>
    <property name="java.home" value="C:\Users\harol\AppData\Roaming\Code\User\globalStorage\pleiades.java-extension-pack-jdk\java\21"/>
    <property name="file.separator" value="\"/>
    <property name="basedir" value="C:\Users\harol\Desktop\proyectos\gestor-usuarios-jsf"/>
    <property name="java.vm.compressedOopsMode" value="Zero based"/>
    <property name="line.separator" value="&#10;"/>
    <property name="java.vm.specification.vendor" value="Oracle Corporation"/>
    <property name="java.specification.name" value="Java Platform API Specification"/>
    <property name="surefire.real.class.path" value="C:\Users\harol\AppData\Local\Temp\surefire2262628370226455406\surefirebooter16346057111637758689.jar"/>
    <property name="user.script" value=""/>
    <property name="sun.management.compiler" value="HotSpot 64-Bit Tiered Compilers"/>
    <property name="java.runtime.version" value="21.0.6+7-LTS"/>
    <property name="user.name" value="harol"/>
    <property name="stdout.encoding" value="UTF-8"/>
    <property name="path.separator" value=";"/>
    <property name="os.version" value="10.0"/>
    <property name="java.runtime.name" value="OpenJDK Runtime Environment"/>
    <property name="file.encoding" value="UTF-8"/>
    <property name="java.vm.name" value="OpenJDK 64-Bit Server VM"/>
    <property name="java.vendor.version" value="Temurin-21.0.6+7"/>
    <property name="localRepository" value="C:\Users\harol\.m2\repository"/>
    <property name="java.vendor.url.bug" value="https://github.com/adoptium/adoptium-support/issues"/>
    <property name="java.io.tmpdir" value="C:\Users\harol\AppData\Local\Temp\"/>
    <property name="java.version" value="21.0.6"/>
    <property name="user.dir" value="C:\Users\harol\Desktop\proyectos\gestor-usuarios-jsf"/>
    <property name="os.arch" value="amd64"/>
    <property name="java.vm.specification.name" value="Java Virtual Machine Specification"/>
    <property name="sun.os.patch.level" value=""/>
    <property name="native.encoding" value="Cp1252"/>
    <property name="java.library.path" value="C:\Users\harol\AppData\Roaming\Code\User\globalStorage\pleiades.java-extension-pack-jdk\java\21\bin;C:\Windows\Sun\Java\bin;C:\Windows\system32;C:\Windows;C:\Users\harol\AppData\Roaming\Code\User\globalStorage\pleiades.java-extension-pack-jdk\gradle\latest\bin;C:\Users\harol\AppData\Roaming\Code\User\globalStorage\pleiades.java-extension-pack-jdk\maven\latest\bin;C:\Users\harol\AppData\Roaming\Code\User\globalStorage\pleiades.java-extension-pack-jdk\java\21\bin;C:\Program Files\Java\jdk-21\bin;C:\Program Files\Common Files\Oracle\Java\javapath;C:\Python312\Scripts\;C:\Python312\;C:\Windows\system32;C:\Windows;C:\Windows\System32\Wbem;C:\Windows\System32\WindowsPowerShell\v1.0\;C:\Windows\System32\OpenSSH\;C:\Program Files\Microsoft SQL Server\150\Tools\Binn\;C:\Program Files\Microsoft SQL Server\Client SDK\ODBC\170\Tools\Binn\;C:\Program Files (x86)\Windows Kits\10\Windows Performance Toolkit\;C:\Program Files\Git\cmd;C:\Program Files (x86)\QuickTime\QTSystem\;C:\ProgramData\ComposerSetup\bin;C:\xampp\php;C:\Program Files\7-Zip\;C:\ProgramData\chocolatey\bin;C:\Users\harol\AppData\Roaming\nvm;C:\Program Files\nodejs;C:\Users\harol\AppData\Local\Android\Sdk\platform-tools;C:\Program Files (x86)\Gpg4win\..\GnuPG\bin;C:\Program Files\dotnet\;C:\Program Files (x86)\Microsoft SQL Server\160\Tools\Binn\;C:\Program Files\Microsoft SQL Server\160\Tools\Binn\;C:\Program Files\Microsoft SQL Server\160\DTS\Binn\;C:\Program Files (x86)\Microsoft SQL Server\160\DTS\Binn\;C:\payara6\bin;C:\Users\harol\AppData\Roaming\npm;C:\Python312\Scripts\;C:\Python312\;C:\Windows\system32;C:\Windows;C:\Windows\System32\Wbem;C:\Windows\System32\WindowsPowerShell\v1.0\;C:\Windows\System32\OpenSSH\;C:\Program Files\Microsoft SQL Server\150\Tools\Binn\;C:\Program Files\Microsoft SQL Server\Client SDK\ODBC\170\Tools\Binn\;C:\Program Files\dotnet\;C:\Program Files (x86)\Windows Kits\10\Windows Performance Toolkit\;C:\Program Files\Git\cmd;C:\Program Files (x86)\QuickTime\QTSystem\;C:\ProgramData\ComposerSetup\bin;C:\xampp\php;C:\Program Files\7-Zip\;C:\ProgramData\chocolatey\bin;C:\Users\harol\AppData\Roaming\nvm;C:\Program Files\nodejs;C:\Users\harol\AppData\Local\Android\Sdk\platform-tools;C:\Users\harol\AppData\Local\Microsoft\WindowsApps;C:\Users\harol\AppData\Local\Programs\Microsoft VS Code\bin;C:\Users\harol\.dotnet\tools;C:\Users\harol\AppData\Roaming\Composer\vendor\bin;C:\Users\harol\AppData\Roaming\npm;C:\Users\harol\AppData\Roaming\nvm;C:\Program Files\nodejs;C:\Program Files (x86)\Nmap;C:\Program Files\JetBrains\IntelliJ IDEA 2024.2\bin;;C:\Users\harol\.dotnet\tools;c:\Users\harol\AppData\Roaming\Code\User\globalStorage\github.copilot-chat\debugCommand;."/>
    <property name="java.vm.info" value="mixed mode, sharing"/>
    <property name="stderr.encoding" value="UTF-8"/>
    <property name="java.vendor" value="Eclipse Adoptium"/>
    <property name="java.vm.version" value="21.0.6+7-LTS"/>
    <property name="sun.io.unicode.encoding" value="UnicodeLittle"/>
    <property name="java.class.version" value="65.0"/>
  </properties>
  <testcase name="shouldAnswerWithTrue" classname="com.laboratorio.AppTest" time="0.009"/>
</testsuite>